<?xml version="1.0" encoding="UTF-8" ?>
<testsuite failures="0" time="1.067" errors="0" skipped="0" tests="5" name="TestSuite">
  <properties>
[...]
</properties>
  <testcase time="0.202" classname="pl.edu.agh.cs.kraksim.weka.timeSeries.TimeSeriesPrediction_CongestionAmountTest" name="testCongestionAmountAfter1000"/>
  <testcase time="0.001" classname="pl.edu.agh.cs.kraksim.weka.utils.SimpleMovingAverageTest" name="testOnePeriodAverage_AfterOnePeriod"/>
  <testcase time="0" classname="pl.edu.agh.cs.kraksim.weka.utils.SimpleMovingAverageTest" name="testOnePeriodAverage_AfterTwoPeriods"/>
  <testcase time="0" classname="pl.edu.agh.cs.kraksim.weka.utils.SimpleMovingAverageTest" name="testTwoPeriodsAverage_AfterThreePeriods"/>
  <testcase time="0" classname="pl.edu.agh.cs.kraksim.weka.utils.SimpleMovingAverageTest" name="testTwoPeriodsAverage_AfterTwoPeriods"/>
</testsuite>